Determining if the pthread_create exist failed with the following output:
Change Dir: /home/jrbeverly/Downloads/cs488/shared/glfw-3.1.1/build/CMakeFiles/CMakeTmp

Run Build Command:"/usr/bin/make" "cmTryCompileExec4138597051/fast"
/usr/bin/make -f CMakeFiles/cmTryCompileExec4138597051.dir/build.make CMakeFiles/cmTryCompileExec4138597051.dir/build
make[1]: Entering directory '/home/jrbeverly/Downloads/cs488/shared/glfw-3.1.1/build/CMakeFiles/CMakeTmp'
/usr/bin/cmake -E cmake_progress_report /home/jrbeverly/Downloads/cs488/shared/glfw-3.1.1/build/CMakeFiles/CMakeTmp/CMakeFiles 1
Building C object CMakeFiles/cmTryCompileExec4138597051.dir/CheckSymbolExists.c.o
/usr/bin/cc    -o CMakeFiles/cmTryCompileExec4138597051.dir/CheckSymbolExists.c.o   -c /home/jrbeverly/Downloads/cs488/shared/glfw-3.1.1/build/CMakeFiles/CMakeTmp/CheckSymbolExists.c
Linking C executable cmTryCompileExec4138597051
/usr/bin/cmake -E cmake_link_script CMakeFiles/cmTryCompileExec4138597051.dir/link.txt --verbose=1
/usr/bin/cc       CMakeFiles/cmTryCompileExec4138597051.dir/CheckSymbolExists.c.o  -o cmTryCompileExec4138597051 -rdynamic 
CMakeFiles/cmTryCompileExec4138597051.dir/CheckSymbolExists.c.o: In function `main':
CheckSymbolExists.c:(.text+0x16): undefined reference to `pthread_create'
collect2: error: ld returned 1 exit status
CMakeFiles/cmTryCompileExec4138597051.dir/build.make:88: recipe for target 'cmTryCompileExec4138597051' failed
make[1]: Leaving directory '/home/jrbeverly/Downloads/cs488/shared/glfw-3.1.1/build/CMakeFiles/CMakeTmp'
make[1]: *** [cmTryCompileExec4138597051] Error 1
Makefile:118: recipe for target 'cmTryCompileExec4138597051/fast' failed
make: *** [cmTryCompileExec4138597051/fast] Error 2

File /home/jrbeverly/Downloads/cs488/shared/glfw-3.1.1/build/CMakeFiles/CMakeTmp/CheckSymbolExists.c:
/* */
#include <pthread.h>

int main(int argc, char** argv)
{
  (void)argv;
#ifndef pthread_create
  return ((int*)(&pthread_create))[argc];
#else
  (void)argc;
  return 0;
#endif
}

Determining if the function pthread_create exists in the pthreads failed with the following output:
Change Dir: /home/jrbeverly/Downloads/cs488/shared/glfw-3.1.1/build/CMakeFiles/CMakeTmp

Run Build Command:"/usr/bin/make" "cmTryCompileExec3298067427/fast"
/usr/bin/make -f CMakeFiles/cmTryCompileExec3298067427.dir/build.make CMakeFiles/cmTryCompileExec3298067427.dir/build
make[1]: Entering directory '/home/jrbeverly/Downloads/cs488/shared/glfw-3.1.1/build/CMakeFiles/CMakeTmp'
/usr/bin/cmake -E cmake_progress_report /home/jrbeverly/Downloads/cs488/shared/glfw-3.1.1/build/CMakeFiles/CMakeTmp/CMakeFiles 1
Building C object CMakeFiles/cmTryCompileExec3298067427.dir/CheckFunctionExists.c.o
/usr/bin/cc   -DCHECK_FUNCTION_EXISTS=pthread_create   -o CMakeFiles/cmTryCompileExec3298067427.dir/CheckFunctionExists.c.o   -c /usr/share/cmake-3.0/Modules/CheckFunctionExists.c
Linking C executable cmTryCompileExec3298067427
/usr/bin/cmake -E cmake_link_script CMakeFiles/cmTryCompileExec3298067427.dir/link.txt --verbose=1
/usr/bin/cc   -DCHECK_FUNCTION_EXISTS=pthread_create    CMakeFiles/cmTryCompileExec3298067427.dir/CheckFunctionExists.c.o  -o cmTryCompileExec3298067427 -rdynamic -lpthreads 
/usr/bin/ld: cannot find -lpthreads
collect2: error: ld returned 1 exit status
CMakeFiles/cmTryCompileExec3298067427.dir/build.make:88: recipe for target 'cmTryCompileExec3298067427' failed
make[1]: *** [cmTryCompileExec3298067427] Error 1
make[1]: Leaving directory '/home/jrbeverly/Downloads/cs488/shared/glfw-3.1.1/build/CMakeFiles/CMakeTmp'
Makefile:118: recipe for target 'cmTryCompileExec3298067427/fast' failed
make: *** [cmTryCompileExec3298067427/fast] Error 2


Determining if the function glXGetProcAddressEXT exists failed with the following output:
Change Dir: /home/jrbeverly/Downloads/cs488/shared/glfw-3.1.1/build/CMakeFiles/CMakeTmp

Run Build Command:"/usr/bin/make" "cmTryCompileExec2316156022/fast"
/usr/bin/make -f CMakeFiles/cmTryCompileExec2316156022.dir/build.make CMakeFiles/cmTryCompileExec2316156022.dir/build
make[1]: Entering directory '/home/jrbeverly/Downloads/cs488/shared/glfw-3.1.1/build/CMakeFiles/CMakeTmp'
/usr/bin/cmake -E cmake_progress_report /home/jrbeverly/Downloads/cs488/shared/glfw-3.1.1/build/CMakeFiles/CMakeTmp/CMakeFiles 1
Building C object CMakeFiles/cmTryCompileExec2316156022.dir/CheckFunctionExists.c.o
/usr/bin/cc   -DCHECK_FUNCTION_EXISTS=glXGetProcAddressEXT   -o CMakeFiles/cmTryCompileExec2316156022.dir/CheckFunctionExists.c.o   -c /usr/share/cmake-3.0/Modules/CheckFunctionExists.c
Linking C executable cmTryCompileExec2316156022
/usr/bin/cmake -E cmake_link_script CMakeFiles/cmTryCompileExec2316156022.dir/link.txt --verbose=1
/usr/bin/cc   -DCHECK_FUNCTION_EXISTS=glXGetProcAddressEXT    CMakeFiles/cmTryCompileExec2316156022.dir/CheckFunctionExists.c.o  -o cmTryCompileExec2316156022 -rdynamic -lGL 
CMakeFiles/cmTryCompileExec2316156022.dir/CheckFunctionExists.c.o: In function `main':
CheckFunctionExists.c:(.text+0x15): undefined reference to `glXGetProcAddressEXT'
collect2: error: ld returned 1 exit status
CMakeFiles/cmTryCompileExec2316156022.dir/build.make:89: recipe for target 'cmTryCompileExec2316156022' failed
make[1]: *** [cmTryCompileExec2316156022] Error 1
make[1]: Leaving directory '/home/jrbeverly/Downloads/cs488/shared/glfw-3.1.1/build/CMakeFiles/CMakeTmp'
Makefile:118: recipe for target 'cmTryCompileExec2316156022/fast' failed
make: *** [cmTryCompileExec2316156022/fast] Error 2


